<?xml version="1.0" encoding="UTF-8"?>
<testsuite name="testRunners.TestRunner_GoogleHomepage" tests="0" skipped="0" failures="0" errors="0" timestamp="1970-01-01T00:00:00" hostname="Satyams-MacBook-Pro-2.local" time="0.0">
  <properties/>
  <system-out><![CDATA[
1 Scenarios (?[32m1 passed?[0m)
5 Steps (?[32m5 passed?[0m)
0m3.125s

]]></system-out>
  <system-err><![CDATA[]]></system-err>
</testsuite>
